[2019-12-13 13:58:40,386] INFO - AWSUtils - Started fetching "locations.json" from S3 bucket "eventprocessing-locationss3bucket-7mbrb9iiisk4" ...
[2019-12-13 13:58:41,195] INFO - AWSUtils - Successfully fetched and parsed locations.json
[2019-12-13 13:58:41,196] INFO - AWSQueue - Connecting to AWS...
[2019-12-13 13:58:41,539] INFO - AWSQueue - Successfully connected to AWS and created queue
[2019-12-13 13:58:42,487] INFO - GasReadingService - Successfully processed Gas Reading: GasReading{locationId='194e7312-60c3-4943-b64c-565539cc3f13', eventId='ecb23784-191b-4a5a-959f-36270f63d496', value=5.590688141786013, timestamp=1576245522366}
[2019-12-13 13:58:42,780] INFO - GasReadingService - Successfully processed Gas Reading: GasReading{locationId='98440a00-f0ae-4419-8313-82becb15c411', eventId='69d73910-f555-47c1-99e3-41a487031518', value=3.8174370844183545, timestamp=1576245522695}
[2019-12-13 13:58:43,397] INFO - GasReadingService - Successfully processed Gas Reading: GasReading{locationId='d247337b-4520-4da4-8835-3f08c4645641', eventId='426c3f4e-4c42-4348-84d0-894e2a079122', value=9.161612655898505, timestamp=1576245523308}
[2019-12-13 13:58:43,520] INFO - GasReadingService - Successfully processed Gas Reading: GasReading{locationId='933f1c47-363e-444c-8989-470b8812c9fe', eventId='359dc4ef-95d6-4981-9d8e-cb613fa521b7', value=2.6854636634017828, timestamp=1576245523433}
[2019-12-13 13:58:43,887] INFO - GasReadingService - Successfully processed Gas Reading: GasReading{locationId='b846968d-e7ad-4312-8c88-4f4c54cb07fe', eventId='ff2371ec-bb66-4b2c-b422-4843e3257257', value=4.803055477751832, timestamp=1576245523798}
[2019-12-13 13:58:43,974] INFO - GasReadingService - Successfully processed Gas Reading: GasReading{locationId='8e066af6-b3a2-4568-b523-04a0ab2e727a', eventId='b23afee2-042c-4c48-b2f9-1b8e395547c1', value=10.129719236784368, timestamp=1576245523882}
[2019-12-13 13:58:45,649] INFO - GasReadingService - Successfully processed Gas Reading: GasReading{locationId='b5916fdf-5bcf-4d6b-94e1-d1b44a9817e9', eventId='1308b6a4-9db0-4723-938b-79753d7bb4ca', value=5.676675067358929, timestamp=1576245525559}
[2019-12-13 13:58:45,746] INFO - GasReadingService - Successfully processed Gas Reading: GasReading{locationId='db3ea2f9-8fc4-4677-8fff-39a028123757', eventId='d676bb0e-41f8-47ea-8f88-55534dd07763', value=7.517876783976645, timestamp=1576245525644}
[2019-12-13 13:58:45,820] INFO - GasReadingService - Successfully processed Gas Reading: GasReading{locationId='5578cee0-740b-45aa-8a53-3ffd0c8ebc91', eventId='efac9b7f-717f-45c5-bc11-3801f338fb0f', value=10.624514081580013, timestamp=1576245525603}
[2019-12-13 13:58:46,376] INFO - GasReadingService - Successfully processed Gas Reading: GasReading{locationId='13673fbc-efea-41d2-a315-ee0c2a63567f', eventId='4471caef-5c15-4c40-ab18-d59db41d0401', value=7.999970069755822, timestamp=1576245526260}
[2019-12-13 13:58:46,702] INFO - GasReadingService - Failed to process Gas Reading. Unknown location: GasReading{locationId='177158cf-2ee4-43eb-a048-a9f6f4e366c1', eventId='928adf94-9c2d-4a75-8ead-d9e59eec68a4', value=17.50996926638181, timestamp=1576245526625}
[2019-12-13 13:58:47,610] INFO - GasReadingService - Successfully processed Gas Reading: GasReading{locationId='194e7312-60c3-4943-b64c-565539cc3f13', eventId='f94e990a-84a8-4343-b17d-23c782ad7c7c', value=5.590684719943689, timestamp=1576245527526}
[2019-12-13 13:58:48,700] INFO - GasReadingService - Successfully processed Gas Reading: GasReading{locationId='98440a00-f0ae-4419-8313-82becb15c411', eventId='ffa240f9-1610-4d28-bc8e-d00e2d01d1d4', value=3.8208416178794318, timestamp=1576245528593}
[2019-12-13 13:58:49,082] INFO - GasReadingService - Successfully processed Gas Reading: GasReading{locationId='d247337b-4520-4da4-8835-3f08c4645641', eventId='96401213-842a-47a7-90fa-934f9c4b57dc', value=9.163739933989975, timestamp=1576245528958}
[2019-12-13 13:58:49,326] INFO - GasReadingService - Successfully processed Gas Reading: GasReading{locationId='933f1c47-363e-444c-8989-470b8812c9fe', eventId='3e9a784b-a730-4d1f-b824-997597edc35d', value=2.6810560090434303, timestamp=1576245529246}
[2019-12-13 13:58:49,816] INFO - GasReadingService - Successfully processed Gas Reading: GasReading{locationId='8e066af6-b3a2-4568-b523-04a0ab2e727a', eventId='28e5bcc6-b405-426a-8da7-acc358a0140c', value=10.132537422949918, timestamp=1576245529736}
[2019-12-13 13:58:50,680] INFO - GasReadingService - Successfully processed Gas Reading: GasReading{locationId='b846968d-e7ad-4312-8c88-4f4c54cb07fe', eventId='fc2fbb3b-4a98-4922-8c1d-c25d29ca2362', value=4.8000831458095305, timestamp=1576245530600}
[2019-12-13 13:58:51,174] INFO - GasReadingService - Successfully processed Gas Reading: GasReading{locationId='5578cee0-740b-45aa-8a53-3ffd0c8ebc91', eventId='3473344d-a3b3-425e-89ec-9c827c4cf8e1', value=10.625574639534195, timestamp=1576245531091}
[2019-12-13 13:58:51,361] INFO - GasReadingService - Successfully processed Gas Reading: GasReading{locationId='5578cee0-740b-45aa-8a53-3ffd0c8ebc91', eventId='3473344d-a3b3-425e-89ec-9c827c4cf8e1', value=10.625574639534195, timestamp=1576245531091}
[2019-12-13 13:58:52,364] INFO - GasReadingService - Successfully processed Gas Reading: GasReading{locationId='db3ea2f9-8fc4-4677-8fff-39a028123757', eventId='4c486af4-62e2-4161-a7a2-21247a9b04cf', value=7.525043221278146, timestamp=1576245531913}
[2019-12-13 13:58:52,365] INFO - GasReadingService - Successfully processed Gas Reading: GasReading{locationId='b5916fdf-5bcf-4d6b-94e1-d1b44a9817e9', eventId='118e9b1c-4b8f-42ce-92d2-cc0a4c0675f8', value=5.678004256587507, timestamp=1576245532235}
[2019-12-13 13:58:52,939] INFO - GasReadingService - Successfully processed Gas Reading: GasReading{locationId='13673fbc-efea-41d2-a315-ee0c2a63567f', eventId='eb022a1b-d9b9-400a-8bf8-b11e3bab77d1', value=8.00187523165436, timestamp=1576245532851}
[2019-12-13 13:58:53,052] INFO - GasReadingService - Failed to process Gas Reading. Unknown location: GasReading{locationId='177158cf-2ee4-43eb-a048-a9f6f4e366c1', eventId='fbebf547-e7ed-49db-96bf-3cc277013f1b', value=17.50908773860403, timestamp=1576245532972}
[2019-12-13 13:58:53,437] INFO - GasReadingService - Successfully processed Gas Reading: GasReading{locationId='194e7312-60c3-4943-b64c-565539cc3f13', eventId='7cfe05da-e074-4efb-9327-0630a3446da5', value=5.590699834939513, timestamp=1576245533341}
[2019-12-13 13:58:53,952] INFO - GasReadingService - Successfully processed Gas Reading: GasReading{locationId='98440a00-f0ae-4419-8313-82becb15c411', eventId='f67cf3ce-b625-47eb-a29e-930590fe1d51', value=3.8243693912380743, timestamp=1576245533872}
[2019-12-13 13:58:54,733] INFO - GasReadingService - Successfully processed Gas Reading: GasReading{locationId='933f1c47-363e-444c-8989-470b8812c9fe', eventId='0fa44f1f-64d9-4e43-99d2-b02bbd06b561', value=2.6761322499113547, timestamp=1576245534650}
[2019-12-13 13:58:55,102] INFO - GasReadingService - Successfully processed Gas Reading: GasReading{locationId='d247337b-4520-4da4-8835-3f08c4645641', eventId='ea876e62-a826-41c2-adc9-84037dbbe655', value=9.166332445090104, timestamp=1576245535019}
[2019-12-13 13:58:55,918] INFO - GasReadingService - Successfully processed Gas Reading: GasReading{locationId='8e066af6-b3a2-4568-b523-04a0ab2e727a', eventId='c20e5b8b-c985-4709-872c-fcd7a8bed38e', value=10.135705506120928, timestamp=1576245535837}
[2019-12-13 13:58:57,307] INFO - GasReadingService - Successfully processed Gas Reading: GasReading{locationId='5578cee0-740b-45aa-8a53-3ffd0c8ebc91', eventId='b213ad77-a0a6-4eef-9d86-73baf5209e6f', value=10.626965079020081, timestamp=1576245537227}
[2019-12-13 13:58:57,380] INFO - AWSQueue - Deleted queue from AWS
[2019-12-13 13:58:57,518] INFO - AWSQueue - Unsubscribed from AWS Topic
[2019-12-13 14:11:27,461] INFO - GasReadingService - Successfully processed Gas Reading: GasReading{locationId='79e14e8f-e531-46f0-90a0-2d43ae5366fc', eventId='654b1799-6de6-467d-b680-730d762aad3f', value=6.8561332379019095, timestamp=1576149824757}
[2019-12-13 14:12:18,896] INFO - GasReadingService - Failed to process Gas Reading. Unknown location: GasReading{locationId='714e8f-e531-46f0-90a0-2d43ae5366fc', eventId='654b1799-6de6-467d-b680-730d762aad3f', value=6.8561332379019095, timestamp=1576149824757}
[2019-12-13 14:14:42,233] INFO - GasReadingService - Successfully processed Gas Reading: GasReading{locationId='79e14e8f-e531-46f0-90a0-2d43ae5366fc', eventId='654b1799-6de6-467d-b680-730d762aad3f', value=6.8561332379019095, timestamp=1576149824757}
[2019-12-13 14:18:13,937] INFO - GasReadingService - Successfully processed Gas Reading: GasReading{locationId='79e14e8f-e531-46f0-90a0-2d43ae5366fc', eventId='654b1799-6de6-467d-b680-730d762aad3f', value=6.8561332379019095, timestamp=1576149824757}
[2019-12-13 14:18:13,940] INFO - GasReadingService - Failed to process. Gas reading is a duplicate: GasReading{locationId='79e14e8f-e531-46f0-90a0-2d43ae5366fc', eventId='654b1799-6de6-467d-b680-730d762aad3f', value=6.8561332379019095, timestamp=1576149824757}
[2019-12-13 14:30:14,729] INFO - GasReadingService - Successfully processed Gas Reading: GasReading{locationId='79e14e8f-e531-46f0-90a0-2d43ae5366fc', eventId='654b1799-6de6-467d-b680-730d762aad3f', value=6.8561332379019095, timestamp=1576149824757}
[2019-12-13 14:30:14,730] INFO - GasReadingService - Failed to process. Gas reading is a duplicate: GasReading{locationId='79e14e8f-e531-46f0-90a0-2d43ae5366fc', eventId='654b1799-6de6-467d-b680-730d762aad3f', value=6.8561332379019095, timestamp=1576149824757}
[2019-12-13 14:30:20,647] INFO - AWSUtils - Started fetching "locations.json" from S3 bucket "eventprocessing-locationss3bucket-7mbrb9iiisk4" ...
[2019-12-13 14:30:21,479] INFO - AWSUtils - Successfully fetched and parsed locations.json
[2019-12-13 14:30:21,480] INFO - AWSQueue - Connecting to AWS...
[2019-12-13 14:30:22,134] INFO - AWSQueue - Successfully connected to AWS and created queue
[2019-12-13 14:30:23,855] INFO - GasReadingService - Successfully processed Gas Reading: GasReading{locationId='d247337b-4520-4da4-8835-3f08c4645641', eventId='d67442eb-ee0c-4ff0-95bd-6aa01a0ebb82', value=9.370517320504987, timestamp=1576247327080}
[2019-12-13 14:30:23,855] INFO - GasReadingService - Successfully processed Gas Reading: GasReading{locationId='db3ea2f9-8fc4-4677-8fff-39a028123757', eventId='7afce03c-e4ad-4f63-a81a-0c62b977fb56', value=7.89098737175066, timestamp=1576247423741}
[2019-12-13 14:30:23,934] INFO - GasReadingService - Failed to process Gas Reading. Unknown location: GasReading{locationId='177158cf-2ee4-43eb-a048-a9f6f4e366c1', eventId='5f5c5703-9fb5-4735-a107-cdf5ddf42888', value=17.24990829415959, timestamp=1576247399064}
[2019-12-13 14:30:24,143] INFO - GasReadingService - Failed to process Gas Reading. Unknown location: GasReading{locationId='177158cf-2ee4-43eb-a048-a9f6f4e366c1', eventId='d3d12397-b271-404b-b77f-ac3b06d9601d', value=17.246435794159588, timestamp=1576247424066}
[2019-12-13 14:30:24,315] INFO - GasReadingService - Successfully processed Gas Reading: GasReading{locationId='8e066af6-b3a2-4568-b523-04a0ab2e727a', eventId='be48b208-c317-4b58-bbb5-92b44e79d7b6', value=10.372227141066586, timestamp=1576247424232}
[2019-12-13 14:30:24,625] INFO - GasReadingService - Successfully processed Gas Reading: GasReading{locationId='d247337b-4520-4da4-8835-3f08c4645641', eventId='0161789f-4283-4df3-94a8-ad4f41d3c567', value=9.512294894962679, timestamp=1576247424556}
[2019-12-13 14:30:24,768] INFO - GasReadingService - Successfully processed Gas Reading: GasReading{locationId='194e7312-60c3-4943-b64c-565539cc3f13', eventId='8613e19d-946e-442b-bf0f-9f985fff37e8', value=5.881097087941116, timestamp=1576247424682}
[2019-12-13 14:30:24,769] INFO - GasReadingService - Successfully processed Gas Reading: GasReading{locationId='b5916fdf-5bcf-4d6b-94e1-d1b44a9817e9', eventId='faa8348a-10a4-4a26-849b-8cc1f0a2fcf6', value=5.9030618454553645, timestamp=1576247424598}
[2019-12-13 14:30:24,967] INFO - GasReadingService - Successfully processed Gas Reading: GasReading{locationId='933f1c47-363e-444c-8989-470b8812c9fe', eventId='d4f88330-9488-4c3c-b470-aafab9c65dce', value=2.8102998804536394, timestamp=1576247424884}
[2019-12-13 14:30:25,041] INFO - GasReadingService - Successfully processed Gas Reading: GasReading{locationId='5578cee0-740b-45aa-8a53-3ffd0c8ebc91', eventId='a772404d-a9db-4a09-b69f-2ba6adca3d16', value=10.889312986096094, timestamp=1576247424965}
[2019-12-13 14:30:25,087] INFO - GasReadingService - Successfully processed Gas Reading: GasReading{locationId='13673fbc-efea-41d2-a315-ee0c2a63567f', eventId='40ecb533-f223-4986-a65d-8df8edc7e353', value=8.160505662812486, timestamp=1576247425006}
[2019-12-13 14:30:25,901] INFO - GasReadingService - Successfully processed Gas Reading: GasReading{locationId='b846968d-e7ad-4312-8c88-4f4c54cb07fe', eventId='90291045-f1ea-4b2c-a704-24ac6883027f', value=5.032042717308779, timestamp=1576247425788}
[2019-12-13 14:30:26,719] INFO - GasReadingService - Successfully processed Gas Reading: GasReading{locationId='98440a00-f0ae-4419-8313-82becb15c411', eventId='37c751d0-8336-4815-85e1-7e3412fcaf1c', value=4.015756772764192, timestamp=1576247426647}
[2019-12-13 14:30:29,097] INFO - GasReadingService - Successfully processed Gas Reading: GasReading{locationId='db3ea2f9-8fc4-4677-8fff-39a028123757', eventId='f1996b17-b666-483f-99f5-a1a4f34ea7c0', value=7.892357734067053, timestamp=1576247429017}
[2019-12-13 14:30:29,493] INFO - GasReadingService - Successfully processed Gas Reading: GasReading{locationId='8e066af6-b3a2-4568-b523-04a0ab2e727a', eventId='68f206c0-8d70-41ad-99f7-75caf1919938', value=10.371087928927565, timestamp=1576247429426}
[2019-12-13 14:30:30,276] INFO - GasReadingService - Successfully processed Gas Reading: GasReading{locationId='194e7312-60c3-4943-b64c-565539cc3f13', eventId='66443f0b-b5cd-4440-b6db-52378173f8d9', value=5.882032326900201, timestamp=1576247430201}
[2019-12-13 14:30:30,340] INFO - GasReadingService - Successfully processed Gas Reading: GasReading{locationId='933f1c47-363e-444c-8989-470b8812c9fe', eventId='036bc3b9-dfa5-4572-9e17-68d2d071a506', value=2.810387454417549, timestamp=1576247430245}
[2019-12-13 14:30:30,764] INFO - GasReadingService - Successfully processed Gas Reading: GasReading{locationId='b5916fdf-5bcf-4d6b-94e1-d1b44a9817e9', eventId='f403eaf5-15ec-4141-965d-b21603a2b995', value=5.903561494593393, timestamp=1576247430695}
[2019-12-13 14:30:30,858] INFO - GasReadingService - Failed to process Gas Reading. Unknown location: GasReading{locationId='177158cf-2ee4-43eb-a048-a9f6f4e366c1', eventId='1d6636e0-355f-4522-8d41-dd6a5900d171', value=17.245503433048476, timestamp=1576247430779}
[2019-12-13 14:30:31,005] INFO - GasReadingService - Successfully processed Gas Reading: GasReading{locationId='d247337b-4520-4da4-8835-3f08c4645641', eventId='e43dc462-18f5-477c-8514-ed7f3072a4ea', value=9.513955306172202, timestamp=1576247430938}
[2019-12-13 14:30:31,105] INFO - GasReadingService - Successfully processed Gas Reading: GasReading{locationId='5578cee0-740b-45aa-8a53-3ffd0c8ebc91', eventId='f5fafc89-4960-4437-a039-5ae58c4bc385', value=10.891533655470193, timestamp=1576247430938}
[2019-12-13 14:30:31,497] INFO - GasReadingService - Successfully processed Gas Reading: GasReading{locationId='13673fbc-efea-41d2-a315-ee0c2a63567f', eventId='8a06b4f5-da1a-4e7c-84f4-f863f58da908', value=8.1602473747333, timestamp=1576247431428}
[2019-12-13 14:30:32,085] INFO - GasReadingService - Successfully processed Gas Reading: GasReading{locationId='b846968d-e7ad-4312-8c88-4f4c54cb07fe', eventId='8b8e03e6-11cf-4606-a905-1e961c8b0ab4', value=5.035956572650949, timestamp=1576247432004}
[2019-12-13 14:30:32,975] INFO - GasReadingService - Successfully processed Gas Reading: GasReading{locationId='98440a00-f0ae-4419-8313-82becb15c411', eventId='e2b76485-4469-4847-aea6-e052ed1edb87', value=4.018753841304646, timestamp=1576247432900}
[2019-12-13 14:30:34,597] INFO - GasReadingService - Successfully processed Gas Reading: GasReading{locationId='db3ea2f9-8fc4-4677-8fff-39a028123757', eventId='e1e47e5e-9610-4cd4-bdab-c9d6f9ab2bad', value=7.8934815673382595, timestamp=1576247434497}
[2019-12-13 14:30:35,712] INFO - GasReadingService - Successfully processed Gas Reading: GasReading{locationId='194e7312-60c3-4943-b64c-565539cc3f13', eventId='7ec2417d-f3e9-4c4a-8b1f-c1b5437e12b0', value=5.882310546907125, timestamp=1576247435607}
[2019-12-13 14:30:35,839] INFO - GasReadingService - Successfully processed Gas Reading: GasReading{locationId='8e066af6-b3a2-4568-b523-04a0ab2e727a', eventId='0b4ed533-c1a0-4eb0-918b-71567f22492d', value=10.369856708435048, timestamp=1576247435766}
[2019-12-13 14:30:36,327] INFO - GasReadingService - Successfully processed Gas Reading: GasReading{locationId='5578cee0-740b-45aa-8a53-3ffd0c8ebc91', eventId='a0748ec7-7b63-4937-ae9f-a84051626bbe', value=10.893180252629286, timestamp=1576247436257}
[2019-12-13 14:30:36,468] INFO - GasReadingService - Successfully processed Gas Reading: GasReading{locationId='13673fbc-efea-41d2-a315-ee0c2a63567f', eventId='8393210e-b2a1-427c-a371-cec07ce152e7', value=8.160371161478462, timestamp=1576247436383}
[2019-12-13 14:30:36,468] INFO - GasReadingService - Successfully processed Gas Reading: GasReading{locationId='d247337b-4520-4da4-8835-3f08c4645641', eventId='0a1420d7-c9a5-4796-a01e-ace89ecec4c6', value=9.514687312473706, timestamp=1576247436302}
[2019-12-13 14:30:36,744] INFO - GasReadingService - Successfully processed Gas Reading: GasReading{locationId='933f1c47-363e-444c-8989-470b8812c9fe', eventId='f88a0d80-4249-40ee-b780-5849b9c3f1c8', value=2.8111782765216984, timestamp=1576247436671}
[2019-12-13 14:30:37,519] INFO - GasReadingService - Failed to process Gas Reading. Unknown location: GasReading{locationId='177158cf-2ee4-43eb-a048-a9f6f4e366c1', eventId='ffedae51-a01f-4ac5-9eed-70beacfd9e73', value=17.244577460826253, timestamp=1576247437446}
[2019-12-13 14:30:37,578] INFO - AWSQueue - Deleted queue from AWS
[2019-12-13 14:30:37,699] INFO - AWSQueue - Unsubscribed from AWS Topic
[2019-12-13 14:31:18,677] INFO - AWSUtils - Started fetching "locations.json" from S3 bucket "eventprocessing-locationss3bucket-7mbrb9iiisk4" ...
[2019-12-13 14:31:19,489] INFO - AWSUtils - Successfully fetched and parsed locations.json
[2019-12-13 14:31:19,489] INFO - AWSQueue - Connecting to AWS...
[2019-12-13 14:47:54,165] INFO - GasReadingService - Successfully processed Gas Reading: GasReading{locationId='79e14e8f-e531-46f0-90a0-2d43ae5366fc', eventId='654b1799-6de6-467d-b680-730d762aad3f', value=6.8561332379019095, timestamp=1576149824757}
[2019-12-13 14:48:48,088] INFO - GasReadingService - Successfully processed Gas Reading: GasReading{locationId='79e14e8f-e531-46f0-90a0-2d43ae5366fc', eventId='654b1799-6de6-467d-b680-730d762aad3f', value=6.8561332379019095, timestamp=1576149824757}
[2019-12-13 14:49:02,584] INFO - GasReadingService - Successfully processed Gas Reading: GasReading{locationId='79e14e8f-e531-46f0-90a0-2d43ae5366fc', eventId='654b1799-6de6-467d-b680-730d762aad3f', value=6.8561332379019095, timestamp=1576149824757}
[2019-12-13 14:50:39,992] INFO - GasReadingService - Successfully processed Gas Reading: GasReading{locationId='79e14e8f-e531-46f0-90a0-2d43ae5366fc', eventId='654b1799-6de6-467d-b680-730d762aad3f', value=6.8561332379019095, timestamp=1576149824757}
[2019-12-13 14:51:25,700] INFO - GasReadingService - Successfully processed Gas Reading: GasReading{locationId='79e14e8f-e531-46f0-90a0-2d43ae5366fc', eventId='654b1799-6de6-467d-b680-730d762aad3f', value=6.8561332379019095, timestamp=1576149824757}
[2019-12-13 14:53:09,770] INFO - GasReadingService - Successfully processed Gas Reading: GasReading{locationId='79e14e8f-e531-46f0-90a0-2d43ae5366fc', eventId='654b1799-6de6-467d-b680-730d762aad3f', value=6.8561332379019095, timestamp=1576149824757}
[2019-12-13 14:53:42,885] INFO - GasReadingService - Successfully processed Gas Reading: GasReading{locationId='79e14e8f-e531-46f0-90a0-2d43ae5366fc', eventId='654b1799-6de6-467d-b680-730d762aad3f', value=6.8561332379019095, timestamp=1576149824757}
[2019-12-16 12:53:16,248] INFO - GasReadingService - Successfully processed Gas Reading: GasReading{locationId='79e14e8f-e531-46f0-90a0-2d43ae5366fc', eventId='654b1799-6de6-467d-b680-730d762aad3f', value=6.8561332379019095, timestamp=1576149824757}
[2019-12-16 12:53:16,290] INFO - GasReadingService - Failed to process Gas Reading. Unknown location: GasReading{locationId='714e8f-e531-46f0-90a0-2d43ae5366fc', eventId='654b1799-6de6-467d-b680-730d762aad3f', value=6.8561332379019095, timestamp=1576149824757}
[2019-12-16 12:53:16,292] INFO - GasReadingService - Successfully processed Gas Reading: GasReading{locationId='79e14e8f-e531-46f0-90a0-2d43ae5366fc', eventId='654b1799-6de6-467d-b680-730d762aad3f', value=6.8561332379019095, timestamp=1576149824757}
[2019-12-16 12:53:16,292] INFO - GasReadingService - Failed to process. Gas reading is a duplicate: GasReading{locationId='79e14e8f-e531-46f0-90a0-2d43ae5366fc', eventId='654b1799-6de6-467d-b680-730d762aad3f', value=6.8561332379019095, timestamp=1576149824757}
[2019-12-16 12:53:16,441] INFO - JSONFileParser - Incomplete gas reading: GasReading{locationId='null', eventId='654b1799-6de6-467d-b680-730d762aad3f', value=6.8561332379019095, timestamp=1576149824757}
[2019-12-16 12:53:23,910] INFO - AWSUtils - Started fetching "locations.json" from S3 bucket "eventprocessing-locationss3bucket-7mbrb9iiisk4" ...
[2019-12-16 12:53:24,898] INFO - AWSUtils - Successfully fetched and parsed locations.json
[2019-12-16 12:53:24,903] INFO - AWSQueue - Connecting to AWS...
[2019-12-16 12:53:25,358] INFO - AWSQueue - Successfully connected to AWS and created queue
[2019-12-16 12:53:40,454] INFO - AWSQueue - Deleted queue from AWS
[2019-12-16 12:53:40,581] INFO - AWSQueue - Unsubscribed from AWS Topic
